<?xml version="1.0" encoding="UTF-8"?>
<testng-results skipped="0" failed="0" ignored="0" total="3" passed="3">
  <reporter-output>
  </reporter-output>
  <suite name="Suite" duration-ms="64776" started-at="2021-12-09T17:22:43 IST" finished-at="2021-12-09T17:23:48 IST">
    <groups>
    </groups>
    <test name="Test" duration-ms="64776" started-at="2021-12-09T17:22:43 IST" finished-at="2021-12-09T17:23:48 IST">
      <class name="com.scuba.pageobjects.PersonalDetails">
        <test-method status="PASS" signature="f()[pri:0, instance:com.scuba.pageobjects.PersonalDetails@281ce6bb]" name="f" duration-ms="64624" started-at="2021-12-09T17:22:43 IST" finished-at="2021-12-09T17:23:48 IST">
          <reporter-output>
          </reporter-output>
        </test-method> <!-- f -->
      </class> <!-- com.scuba.pageobjects.PersonalDetails -->
    </test> <!-- Test -->
  </suite> <!-- Suite -->
  <suite name="Suite (1)" duration-ms="54082" started-at="2021-12-09T17:24:33 IST" finished-at="2021-12-09T17:25:27 IST">
    <groups>
    </groups>
    <test name="Test" duration-ms="54082" started-at="2021-12-09T17:24:33 IST" finished-at="2021-12-09T17:25:27 IST">
      <class name="com.scuba.pageobjects.EmergencyDetails">
        <test-method status="PASS" signature="f()[pri:0, instance:com.scuba.pageobjects.EmergencyDetails@3b95d13c]" name="f" duration-ms="54080" started-at="2021-12-09T17:24:33 IST" finished-at="2021-12-09T17:25:27 IST">
          <reporter-output>
          </reporter-output>
        </test-method> <!-- f -->
      </class> <!-- com.scuba.pageobjects.EmergencyDetails -->
    </test> <!-- Test -->
  </suite> <!-- Suite (1) -->
  <suite name="Suite (0)" duration-ms="44899" started-at="2021-12-09T17:23:48 IST" finished-at="2021-12-09T17:24:33 IST">
    <groups>
    </groups>
    <test name="Test" duration-ms="44899" started-at="2021-12-09T17:23:48 IST" finished-at="2021-12-09T17:24:33 IST">
      <class name="com.scuba.pageobjects.ContactDetails">
        <test-method status="PASS" signature="f()[pri:0, instance:com.scuba.pageobjects.ContactDetails@37864b77]" name="f" duration-ms="44897" started-at="2021-12-09T17:23:48 IST" finished-at="2021-12-09T17:24:33 IST">
          <reporter-output>
          </reporter-output>
        </test-method> <!-- f -->
      </class> <!-- com.scuba.pageobjects.ContactDetails -->
    </test> <!-- Test -->
  </suite> <!-- Suite (0) -->
</testng-results>
